[0mPOST /auth/signup [32m201[0m 203.927 ms - 49[0m
[0mPOST /auth/login [32m202[0m 118.954 ms - 701[0m
[0mPOST /auth/token [32m202[0m 2.364 ms - 225[0m
[0mPOST /subject/new [33m404[0m 2.163 ms - 151[0m
[0mPOST /subject/add [31m501[0m 16.306 ms - 59[0m
[0mPOST /subject/add [32m201[0m 138.657 ms - 49[0m
[0mGET /subject/all [32m200[0m 123.449 ms - 224[0m
[0mPOST /quiz/add [32m201[0m 642.198 ms - 46[0m
[0mGET /subject/all [32m200[0m 103.149 ms - 428[0m
[0mGET /quiz/all [32m200[0m 100.829 ms - 584[0m
[0mGET /subject/6322d47a5c99b9d65810d1ce [32m200[0m 59.255 ms - 2[0m
[0mGET /quiz/all [32m200[0m 100.874 ms - 584[0m
[0mGET /quiz/6322d47a5c99b9d65810d1ce [32m200[0m 98.423 ms - 584[0m
[0mPOST /quiz/add [32m201[0m 587.753 ms - 46[0m
[0mGET /quiz/all [32m200[0m 104.209 ms - 1167[0m
[0mPOST /subject/add [32m201[0m 192.285 ms - 49[0m
[0mGET /subject/all [32m200[0m 119.189 ms - 224[0m
[0mPOST /quiz/add [32m201[0m 671.921 ms - 46[0m
[0mGET /quiz/all [32m200[0m 98.815 ms - 528[0m
[0mGET /quiz/6322d6e096a8a3bfdc45db40 [32m200[0m 98.389 ms - 528[0m
[0mPOST /quiz/add [32m201[0m 590.059 ms - 46[0m
[0mGET /quiz/all [32m200[0m 97.262 ms - 1103[0m
[0mPOST /quiz/add [32m201[0m 561.452 ms - 46[0m
[0mGET /quiz/all [32m200[0m 99.600 ms - 1678[0m
[0mPOST /subject/add [32m201[0m 98.851 ms - 49[0m
[0mGET /subject/all [32m200[0m 101.348 ms - 859[0m
[0mGET /subject/6322d7da96a8a3bfdc45db80 [32m200[0m 93.345 ms - 227[0m
[0mPOST /quiz/edit/6322d6e096a8a3bfdc45db40 [31m501[0m 558.420 ms - 23[0m
[0mPOST /quiz/edit/6322d6e096a8a3bfdc45db40 [32m201[0m 592.642 ms - 46[0m
[0mGET /quiz/all [32m200[0m 131.094 ms - 1676[0m
[0mGET /student/quiz/6322d6e096a8a3bfdc45db40 [32m200[0m 133.964 ms - 463[0m
[0mGET /student/quiz/all [32m200[0m 105.927 ms - 1487[0m
[0mGET /subject/6322d7da96a8a3bfdc45db80 [33m401[0m 0.706 ms - 21[0m
[0mGET /student/subject/6322d7da96a8a3bfdc45db80 [32m200[0m 99.623 ms - 227[0m
[0mGET /student/subject/all [32m200[0m 107.517 ms - 833[0m
[0mPOST /student/6322d07c95b8f96cf73eee8d/join [32m201[0m 147.508 ms - 49[0m
[0mPOST /student/answer/6322d73596a8a3bfdc45db58 [31m501[0m 14.111 ms - 88[0m
[0mPOST /student/answer/6322d73596a8a3bfdc45db58 [32m201[0m 59.205 ms - 41[0m
[0mPOST /student/answer/6322d73596a8a3bfdc45db58 [31m501[0m 115.473 ms - 20[0m
[0mPOST /student/answer/6322d73596a8a3bfdc45db58 [31m501[0m 152.305 ms - 67[0m
[0mPOST /student/answer/6322d73596a8a3bfdc45db58 [31m501[0m 189.497 ms - 1283[0m
[0mPOST /student/answer/6322d73596a8a3bfdc45db58 [31m501[0m 185.208 ms - 1535[0m
[0mPOST /student/answer/6322d73596a8a3bfdc45db58 [0m-[0m - ms - -[0m
[0mPOST /student/answer/6322d73596a8a3bfdc45db58 [32m200[0m 5.775 ms - 4[0m
[0mPOST /student/answer/6322d73596a8a3bfdc45db58 [32m200[0m 55.390 ms - 180[0m
[0mPOST /student/answer/6322d73596a8a3bfdc45db58 [32m200[0m 64.473 ms - 178[0m
[0mPOST /student/answer/6322d73596a8a3bfdc45db58 [32m200[0m 61.666 ms - 4[0m
[0mPOST /student/answer/6322d73596a8a3bfdc45db58 [32m201[0m 216.977 ms - 36[0m
[0mPOST /student/6322d07c95b8f96cf73eee8d/join [32m201[0m 123.007 ms - 49[0m
[0mPOST /student/6322d07c95b8f96cf73eee8d/join [32m201[0m 124.500 ms - 49[0m
[0mGET /teacher/allStudents [33m400[0m 4.485 ms - 15[0m
[0mGET /teacher/allStudents [33m400[0m 2.984 ms - 15[0m
[0mGET /teacher/allStudents [32m200[0m 57.225 ms - 593[0m
[0mGET /teacher/allStudents [32m200[0m 71.911 ms - 157[0m
[0mGET /teacher/allStudents [32m200[0m 106.693 ms - 182[0m
[0mPOST /auth/login [32m202[0m 141.267 ms - 1049[0m
[0mGET /subject/all [32m200[0m 116.241 ms - 859[0m
[0mGET /subject/all [32m200[0m 105.530 ms - 859[0m
[0mGET /subject/all [32m200[0m 110.613 ms - 859[0m
[0mGET /subject/6322d7da96a8a3bfdc45db80 [32m200[0m 76.936 ms - 227[0m
[0mGET /subject/6322d6cf96a8a3bfdc45db3b [32m200[0m 82.604 ms - 633[0m
[0mGET /subject/6322d6cf96a8a3bfdc45db3b [32m200[0m 104.250 ms - 977[0m
[0mGET /subject/6322d6cf96a8a3bfdc45db3b [32m200[0m 117.873 ms - 633[0m
[0mGET /quiz/6322d6e096a8a3bfdc45db40 [32m200[0m 105.298 ms - 526[0m
[0mGET /subject/6322d6cf96a8a3bfdc45db3b [32m200[0m 152.637 ms - 2199[0m
[0mGET /subject/6322d6cf96a8a3bfdc45db3b [32m200[0m 145.581 ms - 3210[0m
[0mGET /subject/6322d6cf96a8a3bfdc45db3b [32m200[0m 120.986 ms - 3105[0m
[0mGET /quiz/6322d6e096a8a3bfdc45db40 [32m200[0m 114.505 ms - 526[0m
[0mGET /subject/all [32m200[0m 91.019 ms - 1466[0m
[0mGET /subject/6322d6cf96a8a3bfdc45db3b [32m200[0m 128.567 ms - 3952[0m
[0mGET /quiz/6322d6e096a8a3bfdc45db40 [32m200[0m 86.119 ms - 526[0m
[0mGET /favicon.ico [33m404[0m 3.048 ms - 150[0m
[0mGET /subject/6322d6cf96a8a3bfdc45db3b [32m200[0m 154.702 ms - 3952[0m
[0mGET /uploads/undefined [33m404[0m 2.332 ms - 156[0m
[0mGET /uploads/undefined [33m404[0m 1.143 ms - 156[0m
[0mGET /uploads/undefined [33m404[0m 0.780 ms - 156[0m
[0mGET /uploads/undefined [33m404[0m 0.457 ms - 156[0m
[0mGET /uploads/undefined [33m404[0m 0.398 ms - 156[0m
[0mGET /uploads/undefined [33m404[0m 0.385 ms - 156[0m
[0mGET /uploads/undefined [33m404[0m 0.625 ms - 156[0m
[0mGET /uploads/undefined [33m404[0m 0.332 ms - 156[0m
[0mGET /uploads/undefined [33m404[0m 0.731 ms - 156[0m
[0mGET /uploads/undefined [33m404[0m 0.321 ms - 156[0m
[0mGET /uploads/undefined [33m404[0m 0.398 ms - 156[0m
[0mGET /uploads/undefined [33m404[0m 0.210 ms - 156[0m
[0mGET /uploads/undefined [33m404[0m 1.144 ms - 156[0m
[0mGET /uploads/undefined [33m404[0m 0.401 ms - 156[0m
[0mGET /uploads/undefined [33m404[0m 0.848 ms - 156[0m
[0mGET /uploads/undefined [33m404[0m 0.504 ms - 156[0m
[0mGET /uploads/undefined [33m404[0m 0.929 ms - 156[0m
[0mGET /uploads/undefined [33m404[0m 0.235 ms - 156[0m
[0mGET /uploads/undefined [33m404[0m 0.403 ms - 156[0m
[0mGET /uploads/undefined [33m404[0m 0.342 ms - 156[0m
[0mGET /uploads/undefined [33m404[0m 0.330 ms - 156[0m
